proguard/usage.txt
de.xiaoxia.xstatusbarlunardate.BuildConfig
de.xiaoxia.xstatusbarlunardate.Lunar:
    496:496:public int getTiananY()
    504:504:public int getTiananM()
    512:512:public int getTiananD()
    520:520:public int getDeqiY()
    528:528:public int getDeqiM()
    536:536:public int getDeqiD()
    544:544:public java.lang.String getCyclicaYear()
    552:552:public java.lang.String getCyclicaMonth()
    560:560:public java.lang.String getCyclicaDay()
    600:600:public boolean isLeapYear()
    624:624:public int getLunarYear()
    672:672:public int getSolarYear()
de.xiaoxia.xstatusbarlunardate.R
de.xiaoxia.xstatusbarlunardate.R$array
de.xiaoxia.xstatusbarlunardate.R$attr
de.xiaoxia.xstatusbarlunardate.R$drawable
de.xiaoxia.xstatusbarlunardate.R$id
de.xiaoxia.xstatusbarlunardate.R$layout
de.xiaoxia.xstatusbarlunardate.R$string
de.xiaoxia.xstatusbarlunardate.R$style
de.xiaoxia.xstatusbarlunardate.R$xml